<?xml version="1.0" encoding="UTF-8"?>
<testsuite name="example.collections.seq.ListTest" tests="1" skipped="0" failures="0" errors="0" timestamp="2021-06-26T08:05:12" hostname="DESKTOP-PE4JGP3" time="0.017">
  <properties/>
  <testcase name="drop_take_and_so_on()" classname="example.collections.seq.ListTest" time="0.017"/>
  <system-out><![CDATA[]]></system-out>
  <system-err><![CDATA[]]></system-err>
</testsuite>
