<?xml version="1.0" encoding="UTF-8"?>
<testsuite name="example.vavrtry.VaryTryTest" tests="4" skipped="0" failures="0" errors="0" timestamp="2021-06-26T08:05:12" hostname="DESKTOP-PE4JGP3" time="0.06">
  <properties/>
  <testcase name="givenHttpClientThatFailure_whenMakeACall_shouldReturnFailureAndNotRecover()" classname="example.vavrtry.VaryTryTest" time="0.008"/>
  <testcase name="givenHttpClientFailure_whenMakeACall_shouldReturnFailure()" classname="example.vavrtry.VaryTryTest" time="0.003"/>
  <testcase name="givenHttpClientThatFailure_whenMakeACall_shouldReturnFailureAndRecover()" classname="example.vavrtry.VaryTryTest" time="0.004"/>
  <testcase name="givenHttpClient_whenMakeACall_shouldReturnSuccess()" classname="example.vavrtry.VaryTryTest" time="0.036"/>
  <system-out><![CDATA[]]></system-out>
  <system-err><![CDATA[]]></system-err>
</testsuite>
