<?xml version="1.0" encoding="UTF-8"?>
<testsuite name="example.collections.seq.VectorTest" tests="1" skipped="0" failures="0" errors="0" timestamp="2021-06-26T08:05:12" hostname="DESKTOP-PE4JGP3" time="0.015">
  <properties/>
  <testcase name="range_replace()" classname="example.collections.seq.VectorTest" time="0.015"/>
  <system-out><![CDATA[]]></system-out>
  <system-err><![CDATA[]]></system-err>
</testsuite>
