<?xml version="1.0" encoding="UTF-8"?>
<testsuite name="example.collections.set.BiSetTest" tests="1" skipped="0" failures="0" errors="0" timestamp="2021-06-26T08:05:12" hostname="DESKTOP-PE4JGP3" time="0.013">
  <properties/>
  <testcase name="of_takeUntil()" classname="example.collections.set.BiSetTest" time="0.013"/>
  <system-out><![CDATA[]]></system-out>
  <system-err><![CDATA[]]></system-err>
</testsuite>
