<?xml version="1.0" encoding="UTF-8"?>
<testsuite name="example.collections.seq.StreamTest" tests="1" skipped="0" failures="0" errors="0" timestamp="2021-06-26T08:05:12" hostname="DESKTOP-PE4JGP3" time="0.033">
  <properties/>
  <testcase name="iterate_sum_tabulate_zip()" classname="example.collections.seq.StreamTest" time="0.033"/>
  <system-out><![CDATA[]]></system-out>
  <system-err><![CDATA[]]></system-err>
</testsuite>
