<?xml version="1.0" encoding="UTF-8"?>
<testsuite name="example.either.EitherTest" tests="4" skipped="0" failures="0" errors="0" timestamp="2021-06-26T08:05:12" hostname="DESKTOP-PE4JGP3" time="0.011">
  <properties/>
  <testcase name="testShouldDivideNumberExceptPerZeroUsingFunctionalOperations()" classname="example.either.EitherTest" time="0.003"/>
  <testcase name="testShouldDivideNumberExceptPerZeroUsingFunctionalOperationsWithoutEither()" classname="example.either.EitherTest" time="0.002"/>
  <testcase name="testShouldDivideNumberPerZeroWithEither()" classname="example.either.EitherTest" time="0.002"/>
  <testcase name="testShouldDivideNumberPerZeroWithoutEither()" classname="example.either.EitherTest" time="0.002"/>
  <system-out><![CDATA[]]></system-out>
  <system-err><![CDATA[]]></system-err>
</testsuite>
