<?xml version="1.0" encoding="UTF-8"?>
<testsuite name="example.collections.set.TreeSetTest" tests="1" skipped="0" failures="0" errors="0" timestamp="2021-06-26T08:05:12" hostname="DESKTOP-PE4JGP3" time="0.002">
  <properties/>
  <testcase name="of_reverseOrder_mkString()" classname="example.collections.set.TreeSetTest" time="0.002"/>
  <system-out><![CDATA[]]></system-out>
  <system-err><![CDATA[]]></system-err>
</testsuite>
