<?xml version="1.0" encoding="UTF-8"?>
<testsuite name="example.validation.ValidationApiTest" tests="8" skipped="0" failures="0" errors="0" timestamp="2021-06-26T08:05:12" hostname="DESKTOP-PE4JGP3" time="0.111">
  <properties/>
  <testcase name="givenValidUserParams_whenValidated_thenValidInstance()" classname="example.validation.ValidationApiTest" time="0.005"/>
  <testcase name="givenValidUserParams_whenValidated_thenIsValidMethodIsTrue()" classname="example.validation.ValidationApiTest" time="0.001"/>
  <testcase name="givenInvalidUserParams_whenValidated_thenInvalidInstance()" classname="example.validation.ValidationApiTest" time="0.059"/>
  <testcase name="givenInValidUserParams_withGetErrorMethod_thenGetErrorMessages()" classname="example.validation.ValidationApiTest" time="0.01"/>
  <testcase name="givenValidUserParams_withFoldMethod_thenEqualstoParamsLength()" classname="example.validation.ValidationApiTest" time="0.005"/>
  <testcase name="givenValidUserParams_withGetMethod_thenGetUserInstance()" classname="example.validation.ValidationApiTest" time="0.004"/>
  <testcase name="givenValidUserParams_withtoEitherMethod_thenRightInstance()" classname="example.validation.ValidationApiTest" time="0.003"/>
  <testcase name="givenInvalidUserParams_whenValidated_thenIsInvalidIsTrue()" classname="example.validation.ValidationApiTest" time="0.004"/>
  <system-out><![CDATA[]]></system-out>
  <system-err><![CDATA[]]></system-err>
</testsuite>
