<?xml version="1.0" encoding="UTF-8"?>
<testsuite name="example.intro.PatternMatchingTest" tests="1" skipped="0" failures="0" errors="0" timestamp="2021-06-26T08:05:12" hostname="DESKTOP-PE4JGP3" time="0.001">
  <properties/>
  <testcase name="whenMatchworks_thenCorrect()" classname="example.intro.PatternMatchingTest" time="0.001"/>
  <system-out><![CDATA[]]></system-out>
  <system-err><![CDATA[]]></system-err>
</testsuite>
