<?xml version="1.0" encoding="UTF-8"?>
<testsuite name="example.exception.CheckedFunctionTest" tests="1" skipped="0" failures="0" errors="0" timestamp="2021-06-26T08:05:12" hostname="DESKTOP-PE4JGP3" time="0.028">
  <properties/>
  <testcase name="handlingExceptionsIdiomatically()" classname="example.exception.CheckedFunctionTest" time="0.028"/>
  <system-out><![CDATA[]]></system-out>
  <system-err><![CDATA[]]></system-err>
</testsuite>
