<?xml version="1.0" encoding="UTF-8"?>
<testsuite name="example.intro.OptionTest" tests="3" skipped="0" failures="0" errors="0" timestamp="2021-06-26T08:05:12" hostname="DESKTOP-PE4JGP3" time="0.007">
  <properties/>
  <testcase name="givenNullOrValue_whenCreatesOption_thenCorrect()" classname="example.intro.OptionTest" time="0.001"/>
  <testcase name="givenNull_whenCreatesOption_thenCorrect()" classname="example.intro.OptionTest" time="0.002"/>
  <testcase name="givenValue_whenCreatesOption_thenCorrect()" classname="example.intro.OptionTest" time="0.001"/>
  <system-out><![CDATA[]]></system-out>
  <system-err><![CDATA[]]></system-err>
</testsuite>
