<?xml version="1.0" encoding="UTF-8"?>
<testsuite name="example.collections.map.HashMapTest" tests="1" skipped="0" failures="0" errors="0" timestamp="2021-06-26T08:05:12" hostname="DESKTOP-PE4JGP3" time="0.084">
  <properties/>
  <testcase name="range_of_filterKeys_filterValues_map()" classname="example.collections.map.HashMapTest" time="0.084"/>
  <system-out><![CDATA[]]></system-out>
  <system-err><![CDATA[]]></system-err>
</testsuite>
